 2018-09-11 16:52:27,047 - CRITICAL - [LOGOUT CHARS] Deadpoint. Player Bob Legend does not exist in player database.
 2018-09-11 16:52:27,195 - CRITICAL - [LOGOUT CHARS] Deadpoint. Player Saatana does not exist in player database.
 2018-09-11 16:52:27,576 - CRITICAL - [LOGOUT CHARS] Deadpoint. Player Warcore does not exist in player database.
 2018-09-11 16:52:27,975 - CRITICAL - [LOGOUT CHARS] Deadpoint. Player Rikskeff does not exist in player database.
 2018-09-11 16:52:28,139 - CRITICAL - [LOGOUT CHARS] Deadpoint. Player Skillfinger does not exist in player database.
 2018-09-11 16:52:28,250 - CRITICAL - [LOGOUT CHARS] Deadpoint. Player Ridley Damodred does not exist in player database.
 2018-09-11 16:52:28,377 - CRITICAL - [LOGOUT CHARS] Deadpoint. Player Stormoguden does not exist in player database.
 2018-09-11 16:52:28,485 - CRITICAL - [LOGOUT CHARS] Deadpoint. Player Voar does not exist in player database.
 2018-09-11 16:52:28,607 - CRITICAL - [LOGOUT CHARS] Deadpoint. Player Makz does not exist in player database.
 2018-09-11 16:52:28,788 - CRITICAL - [LOGOUT CHARS] Deadpoint. Player Loniii does not exist in player database.
 2018-09-11 16:52:28,894 - CRITICAL - [LOGOUT CHARS] Deadpoint. Player TaKo Funkstar does not exist in player database.
 2018-09-11 16:52:29,012 - CRITICAL - [LOGOUT CHARS] Deadpoint. Player Liikeasomeboodie does not exist in player database.
 2018-09-11 16:52:29,127 - CRITICAL - [LOGOUT CHARS] Deadpoint. Player Cadori does not exist in player database.
 2018-09-11 16:52:29,761 - CRITICAL - [LOGOUT CHARS] Deadpoint. Player Impro does not exist in player database.
 2018-09-11 16:52:30,021 - CRITICAL - [LOGOUT CHARS] Deadpoint. Player Slurp does not exist in player database.
 2018-09-11 16:52:30,283 - CRITICAL - [LOGOUT CHARS] Deadpoint. Player Ysklao does not exist in player database.
 2018-09-11 16:52:30,778 - CRITICAL - [LOGOUT CHARS] Deadpoint. Player Fira Alman does not exist in player database.
 2018-09-11 16:52:31,083 - CRITICAL - [LOGOUT CHARS] Deadpoint. Player Gucci Effe does not exist in player database.
 2018-09-11 16:52:31,197 - CRITICAL - [LOGOUT CHARS] Deadpoint. Player GythDobrzany does not exist in player database.
 2018-09-11 16:52:31,450 - CRITICAL - [LOGOUT CHARS] Deadpoint. Player Babas does not exist in player database.
 2018-09-11 16:52:31,607 - CRITICAL - [LOGOUT CHARS] Deadpoint. Player Biancucci does not exist in player database.
 2018-09-11 16:52:31,768 - CRITICAL - [LOGOUT CHARS] Deadpoint. Player Mustak does not exist in player database.
 2018-09-11 16:52:31,900 - CRITICAL - [LOGOUT CHARS] Deadpoint. Player Cavalo does not exist in player database.
 2018-09-11 16:52:32,017 - CRITICAL - [LOGOUT CHARS] Deadpoint. Player Mitchzzk does not exist in player database.
 2018-09-11 16:52:32,118 - CRITICAL - [LOGOUT CHARS] Deadpoint. Player Atomic Mithus does not exist in player database.
 2018-09-11 16:52:32,219 - CRITICAL - [LOGOUT CHARS] Deadpoint. Player The Hound does not exist in player database.
 2018-09-11 16:52:32,370 - CRITICAL - [LOGOUT CHARS] Deadpoint. Player Saphira does not exist in player database.
 2018-09-11 16:52:32,491 - CRITICAL - [LOGOUT CHARS] Deadpoint. Player Rebyelk does not exist in player database.
 2018-09-11 16:52:32,913 - CRITICAL - [LOGOUT CHARS] Deadpoint. Player Whois Tank does not exist in player database.
 2018-09-11 16:52:33,870 - CRITICAL - [LOGOUT CHARS] Deadpoint. Player Gohan Saiyan does not exist in player database.
 2018-09-11 16:52:33,987 - CRITICAL - [LOGOUT CHARS] Deadpoint. Player Inconcessus does not exist in player database.
 2018-09-11 16:52:34,084 - CRITICAL - [LOGOUT CHARS] Deadpoint. Player Eagleheart does not exist in player database.
 2018-09-11 16:52:34,467 - CRITICAL - [LOGOUT CHARS] Deadpoint. Player Kamilekiller does not exist in player database.
 2018-09-11 16:52:34,747 - CRITICAL - [LOGOUT CHARS] Deadpoint. Player Desmond Dekker does not exist in player database.
 2018-09-11 16:52:34,877 - CRITICAL - [LOGOUT CHARS] Deadpoint. Player Kepatugo does not exist in player database.
 2018-09-11 16:52:34,997 - CRITICAL - [LOGOUT CHARS] Deadpoint. Player Xhan does not exist in player database.
 2018-09-11 16:52:35,103 - CRITICAL - [LOGOUT CHARS] Deadpoint. Player Hun Agx does not exist in player database.
 2018-09-11 16:52:35,328 - CRITICAL - [LOGOUT CHARS] Deadpoint. Player Ingvar does not exist in player database.
 2018-09-11 16:52:35,440 - CRITICAL - [LOGOUT CHARS] Deadpoint. Player Pszona does not exist in player database.
 2018-09-11 16:52:35,548 - CRITICAL - [LOGOUT CHARS] Deadpoint. Player Franek does not exist in player database.
 2018-09-11 16:52:35,682 - CRITICAL - [LOGOUT CHARS] Deadpoint. Player Lellep does not exist in player database.
 2018-09-11 16:52:35,812 - CRITICAL - [LOGOUT CHARS] Deadpoint. Player Zahnoshee does not exist in player database.
 2018-09-11 16:52:35,911 - CRITICAL - [LOGOUT CHARS] Deadpoint. Player Bolshevik does not exist in player database.
 2018-09-11 16:52:36,014 - CRITICAL - [LOGOUT CHARS] Deadpoint. Player Demonhaze does not exist in player database.
 2018-09-11 16:52:36,128 - CRITICAL - [LOGOUT CHARS] Deadpoint. Player Elric does not exist in player database.
 2018-09-11 16:52:36,248 - CRITICAL - [LOGOUT CHARS] Deadpoint. Player Ender Pakistan does not exist in player database.
 2018-09-11 16:52:36,352 - CRITICAL - [LOGOUT CHARS] Deadpoint. Player Hi kogeki teki does not exist in player database.
 2018-09-11 16:52:36,510 - CRITICAL - [LOGOUT CHARS] Deadpoint. Player Malodus does not exist in player database.
 2018-09-11 16:52:36,643 - CRITICAL - [LOGOUT CHARS] Deadpoint. Player Zczepan does not exist in player database.
 2018-09-11 16:52:36,737 - CRITICAL - [LOGOUT CHARS] Deadpoint. Player Vertixen does not exist in player database.
 2018-09-11 16:52:36,834 - CRITICAL - [LOGOUT CHARS] Deadpoint. Player Ichigo Kurozaki does not exist in player database.
 2018-09-11 16:52:37,005 - CRITICAL - [LOGOUT CHARS] Deadpoint. Player Arrecho does not exist in player database.
 2018-09-11 16:52:37,134 - CRITICAL - [LOGOUT CHARS] Deadpoint. Player Breath Fire Hary does not exist in player database.
 2018-09-11 16:52:37,238 - CRITICAL - [LOGOUT CHARS] Deadpoint. Player Buck does not exist in player database.
 2018-09-11 16:52:37,337 - CRITICAL - [LOGOUT CHARS] Deadpoint. Player Danight does not exist in player database.
 2018-09-11 16:52:37,451 - CRITICAL - [LOGOUT CHARS] Deadpoint. Player Khal Dixtroya does not exist in player database.
 2018-09-11 16:52:37,567 - CRITICAL - [LOGOUT CHARS] Deadpoint. Player Puta Madre does not exist in player database.
 2018-09-11 16:52:37,690 - CRITICAL - [LOGOUT CHARS] Deadpoint. Player Chupacabra does not exist in player database.
 2018-09-11 16:52:37,840 - CRITICAL - [LOGOUT CHARS] Deadpoint. Player Dormilona does not exist in player database.
 2018-09-11 16:52:37,970 - CRITICAL - [LOGOUT CHARS] Deadpoint. Player Mago Oscuro does not exist in player database.
 2018-09-11 16:52:38,118 - CRITICAL - [LOGOUT CHARS] Deadpoint. Player Kubiszon does not exist in player database.
 2018-09-11 16:52:38,319 - CRITICAL - [LOGOUT CHARS] Deadpoint. Player Master Of Honor does not exist in player database.
 2018-09-11 16:52:38,425 - CRITICAL - [LOGOUT CHARS] Deadpoint. Player Mnzter does not exist in player database.
 2018-09-11 16:52:38,521 - CRITICAL - [LOGOUT CHARS] Deadpoint. Player Be Happy does not exist in player database.
 2018-09-11 16:52:38,642 - CRITICAL - [LOGOUT CHARS] Deadpoint. Player Ismael does not exist in player database.
 2018-09-11 16:52:38,767 - CRITICAL - [LOGOUT CHARS] Deadpoint. Player Rucca does not exist in player database.
 2018-09-11 16:52:38,937 - CRITICAL - [LOGOUT CHARS] Deadpoint. Player Obara Osa does not exist in player database.
 2018-09-11 16:52:39,078 - CRITICAL - [LOGOUT CHARS] Deadpoint. Player Nightmare Sword Master does not exist in player database.
 2018-09-11 16:52:39,263 - CRITICAL - [LOGOUT CHARS] Deadpoint. Player Schaamstreek does not exist in player database.
 2018-09-11 16:52:39,426 - CRITICAL - [LOGOUT CHARS] Deadpoint. Player Sooft does not exist in player database.
 2018-09-11 16:52:40,527 - CRITICAL - [LOGOUT CHARS] Deadpoint. Player Blank Rune does not exist in player database.
 2018-09-11 16:52:41,092 - CRITICAL - [LOGOUT CHARS] Deadpoint. Player Liyk does not exist in player database.
 2018-09-11 16:52:41,763 - CRITICAL - [LOGOUT CHARS] Deadpoint. Player Locofante does not exist in player database.
 2018-09-11 16:52:42,147 - CRITICAL - [LOGOUT CHARS] Deadpoint. Player Morangotango does not exist in player database.
 2018-09-11 16:52:42,281 - CRITICAL - [LOGOUT CHARS] Deadpoint. Player Szeregowy Sram does not exist in player database.
 2018-09-11 16:52:42,387 - CRITICAL - [LOGOUT CHARS] Deadpoint. Player El Brabo does not exist in player database.
 2018-09-11 16:52:42,507 - CRITICAL - [LOGOUT CHARS] Deadpoint. Player Ide Chyba does not exist in player database.
 2018-09-11 16:52:42,709 - CRITICAL - [LOGOUT CHARS] Deadpoint. Player Kulawy Pasikonik Bezrak does not exist in player database.
 2018-09-11 16:52:42,918 - CRITICAL - [LOGOUT CHARS] Deadpoint. Player War Yonitoxx does not exist in player database.
 2018-09-11 16:52:44,479 - CRITICAL - [LOGOUT CHARS] Deadpoint. Player Black Dead does not exist in player database.
 2018-09-11 16:52:46,637 - CRITICAL - [LOGOUT CHARS] Deadpoint. Player Den Starke does not exist in player database.
 2018-09-11 16:52:47,851 - CRITICAL - [LOGOUT CHARS] Deadpoint. Player Nevermore does not exist in player database.
 2018-09-11 16:52:47,979 - CRITICAL - [LOGOUT CHARS] Deadpoint. Player Buk Almighty does not exist in player database.
 2018-09-11 16:52:48,249 - CRITICAL - [LOGOUT CHARS] Deadpoint. Player Melejo does not exist in player database.
 2018-09-11 16:52:48,492 - CRITICAL - [LOGOUT CHARS] Deadpoint. Player Owzo does not exist in player database.
 2018-09-11 16:52:48,637 - CRITICAL - [LOGOUT CHARS] Deadpoint. Player Zoe does not exist in player database.
 2018-09-11 16:52:48,743 - CRITICAL - [LOGOUT CHARS] Deadpoint. Player Jamblez does not exist in player database.
 2018-09-11 16:52:48,876 - CRITICAL - [LOGOUT CHARS] Deadpoint. Player Macabra does not exist in player database.
 2018-09-11 16:52:48,992 - CRITICAL - [LOGOUT CHARS] Deadpoint. Player Califorieaseteno does not exist in player database.
 2018-09-11 16:52:49,144 - CRITICAL - [LOGOUT CHARS] Deadpoint. Player Eredar does not exist in player database.
 2018-09-11 16:52:49,274 - CRITICAL - [LOGOUT CHARS] Deadpoint. Player Michun does not exist in player database.
 2018-09-11 16:52:49,427 - CRITICAL - [LOGOUT CHARS] Deadpoint. Player Micro Vih does not exist in player database.
 2018-09-11 16:52:49,566 - CRITICAL - [LOGOUT CHARS] Deadpoint. Player Yromir does not exist in player database.
 2018-09-11 16:52:49,675 - CRITICAL - [LOGOUT CHARS] Deadpoint. Player Razi does not exist in player database.
 2018-09-11 16:52:49,787 - CRITICAL - [LOGOUT CHARS] Deadpoint. Player Bjoernen does not exist in player database.
 2018-09-11 16:52:49,887 - CRITICAL - [LOGOUT CHARS] Deadpoint. Player Eihanen does not exist in player database.
 2018-09-11 16:52:50,001 - CRITICAL - [LOGOUT CHARS] Deadpoint. Player Ewenement Alkoholowy does not exist in player database.
 2018-09-11 16:52:50,119 - CRITICAL - [LOGOUT CHARS] Deadpoint. Player Karv does not exist in player database.
 2018-09-11 16:52:50,242 - CRITICAL - [LOGOUT CHARS] Deadpoint. Player Tati does not exist in player database.
 2018-09-11 16:52:50,342 - CRITICAL - [LOGOUT CHARS] Deadpoint. Player Flaming Na Rolkach does not exist in player database.
 2018-09-11 16:52:50,432 - CRITICAL - [LOGOUT CHARS] Deadpoint. Player Hydantoina does not exist in player database.
 2018-09-11 16:52:50,558 - CRITICAL - [LOGOUT CHARS] Deadpoint. Player Orina does not exist in player database.
 2018-09-11 16:52:50,693 - CRITICAL - [LOGOUT CHARS] Deadpoint. Player Sapien does not exist in player database.
 2018-09-11 16:52:50,827 - CRITICAL - [LOGOUT CHARS] Deadpoint. Player Skinner does not exist in player database.
 2018-09-11 16:52:50,974 - CRITICAL - [LOGOUT CHARS] Deadpoint. Player Trathonton Dalfatrene does not exist in player database.
 2018-09-11 16:52:51,096 - CRITICAL - [LOGOUT CHARS] Deadpoint. Player Bubaluw does not exist in player database.
 2018-09-11 16:52:51,190 - CRITICAL - [LOGOUT CHARS] Deadpoint. Player Hitha does not exist in player database.
 2018-09-11 16:52:51,297 - CRITICAL - [LOGOUT CHARS] Deadpoint. Player Lord Destructor does not exist in player database.
 2018-09-11 16:52:51,397 - CRITICAL - [LOGOUT CHARS] Deadpoint. Player Peter Pan does not exist in player database.
 2018-09-11 16:52:51,497 - CRITICAL - [LOGOUT CHARS] Deadpoint. Player Rekam Hu does not exist in player database.
 2018-09-11 16:52:51,605 - CRITICAL - [LOGOUT CHARS] Deadpoint. Player Sendo does not exist in player database.
 2018-09-11 16:52:51,744 - CRITICAL - [LOGOUT CHARS] Deadpoint. Player Wszystkiekary Namnie Ida does not exist in player database.
 2018-09-11 16:52:51,846 - CRITICAL - [LOGOUT CHARS] Deadpoint. Player Alasthor Mud does not exist in player database.
 2018-09-11 16:52:51,967 - CRITICAL - [LOGOUT CHARS] Deadpoint. Player Angels Blak does not exist in player database.
 2018-09-11 16:52:52,112 - CRITICAL - [LOGOUT CHARS] Deadpoint. Player Jumao does not exist in player database.
 2018-09-11 16:52:52,215 - CRITICAL - [LOGOUT CHARS] Deadpoint. Player Make Uhh does not exist in player database.
 2018-09-11 16:52:52,343 - CRITICAL - [LOGOUT CHARS] Deadpoint. Player Nephariel does not exist in player database.
 2018-09-11 16:52:52,479 - CRITICAL - [LOGOUT CHARS] Deadpoint. Player Pkpally does not exist in player database.
 2018-09-11 16:52:52,586 - CRITICAL - [LOGOUT CHARS] Deadpoint. Player Specktra does not exist in player database.
 2018-09-11 16:52:52,703 - CRITICAL - [LOGOUT CHARS] Deadpoint. Player Treron does not exist in player database.
 2018-09-11 16:52:52,808 - CRITICAL - [LOGOUT CHARS] Deadpoint. Player Abdel does not exist in player database.
 2018-09-11 16:52:52,948 - CRITICAL - [LOGOUT CHARS] Deadpoint. Player Albaja Mamad does not exist in player database.
 2018-09-11 16:52:53,060 - CRITICAL - [LOGOUT CHARS] Deadpoint. Player Arcykurwa does not exist in player database.
 2018-09-11 16:52:53,168 - CRITICAL - [LOGOUT CHARS] Deadpoint. Player Areez does not exist in player database.
 2018-09-11 16:52:53,307 - CRITICAL - [LOGOUT CHARS] Deadpoint. Player Arravothyn does not exist in player database.
 2018-09-11 16:52:53,418 - CRITICAL - [LOGOUT CHARS] Deadpoint. Player Bibiamtabaco does not exist in player database.
 2018-09-11 16:52:53,548 - CRITICAL - [LOGOUT CHARS] Deadpoint. Player Filjamir does not exist in player database.
 2018-09-11 16:52:53,659 - CRITICAL - [LOGOUT CHARS] Deadpoint. Player Leng does not exist in player database.
 2018-09-11 16:52:53,779 - CRITICAL - [LOGOUT CHARS] Deadpoint. Player Reina Momo does not exist in player database.
 2018-09-11 16:52:53,934 - CRITICAL - [LOGOUT CHARS] Deadpoint. Player Xenus Xarbi does not exist in player database.
 2018-09-11 16:52:54,069 - CRITICAL - [LOGOUT CHARS] Deadpoint. Player Yngemie does not exist in player database.
 2018-09-11 16:52:54,218 - CRITICAL - [LOGOUT CHARS] Deadpoint. Player Zetta does not exist in player database.
 2018-09-11 16:52:54,324 - CRITICAL - [LOGOUT CHARS] Deadpoint. Player Lubie Wodkie does not exist in player database.
 2018-09-11 16:52:54,437 - CRITICAL - [LOGOUT CHARS] Deadpoint. Player Skyhook does not exist in player database.
 2018-09-11 16:52:54,566 - CRITICAL - [LOGOUT CHARS] Deadpoint. Player Starbucks does not exist in player database.
 2018-09-11 16:52:54,687 - CRITICAL - [LOGOUT CHARS] Deadpoint. Player Tayfun does not exist in player database.
 2018-09-11 16:52:54,808 - CRITICAL - [LOGOUT CHARS] Deadpoint. Player Womb Violator does not exist in player database.
 2018-09-11 16:52:54,903 - CRITICAL - [LOGOUT CHARS] Deadpoint. Player Yeguonsking does not exist in player database.
 2018-09-11 16:52:55,056 - CRITICAL - [LOGOUT CHARS] Deadpoint. Player Adixia does not exist in player database.
 2018-09-11 16:52:55,174 - CRITICAL - [LOGOUT CHARS] Deadpoint. Player Cadryuk does not exist in player database.
 2018-09-11 16:52:55,284 - CRITICAL - [LOGOUT CHARS] Deadpoint. Player El Chorty does not exist in player database.
 2018-09-11 16:52:55,418 - CRITICAL - [LOGOUT CHARS] Deadpoint. Player Laddaad does not exist in player database.
 2018-09-11 16:52:55,535 - CRITICAL - [LOGOUT CHARS] Deadpoint. Player Moidgds does not exist in player database.
 2018-09-11 16:52:55,664 - CRITICAL - [LOGOUT CHARS] Deadpoint. Player Neutro Shorty does not exist in player database.
 2018-09-11 16:52:55,789 - CRITICAL - [LOGOUT CHARS] Deadpoint. Player Rambo Warrior does not exist in player database.
 2018-09-11 16:52:55,924 - CRITICAL - [LOGOUT CHARS] Deadpoint. Player Rasista does not exist in player database.
 2018-09-11 16:52:56,055 - CRITICAL - [LOGOUT CHARS] Deadpoint. Player Skallen does not exist in player database.
 2018-09-11 16:52:56,169 - CRITICAL - [LOGOUT CHARS] Deadpoint. Player Slash Boone does not exist in player database.
 2018-09-11 16:52:56,288 - CRITICAL - [LOGOUT CHARS] Deadpoint. Player The Bomber does not exist in player database.
 2018-09-11 16:52:56,399 - CRITICAL - [LOGOUT CHARS] Deadpoint. Player Klungen does not exist in player database.
 2018-09-11 16:52:56,524 - CRITICAL - [LOGOUT CHARS] Deadpoint. Player Like Nike does not exist in player database.
 2018-09-11 16:52:56,623 - CRITICAL - [LOGOUT CHARS] Deadpoint. Player Mazakrowiec does not exist in player database.
 2018-09-11 16:52:56,729 - CRITICAL - [LOGOUT CHARS] Deadpoint. Player Rafa does not exist in player database.
 2018-09-11 16:52:56,843 - CRITICAL - [LOGOUT CHARS] Deadpoint. Player Rokay does not exist in player database.
 2018-09-11 16:52:56,955 - CRITICAL - [LOGOUT CHARS] Deadpoint. Player Boleta does not exist in player database.
 2018-09-11 16:52:57,057 - CRITICAL - [LOGOUT CHARS] Deadpoint. Player Care Muerto does not exist in player database.
 2018-09-11 16:52:57,168 - CRITICAL - [LOGOUT CHARS] Deadpoint. Player Celebret does not exist in player database.
 2018-09-11 16:52:57,282 - CRITICAL - [LOGOUT CHARS] Deadpoint. Player Master Sudden does not exist in player database.
 2018-09-11 16:52:57,391 - CRITICAL - [LOGOUT CHARS] Deadpoint. Player Rabinovitsh does not exist in player database.
 2018-09-11 16:52:57,506 - CRITICAL - [LOGOUT CHARS] Deadpoint. Player Rookale does not exist in player database.
 2018-09-11 16:52:57,636 - CRITICAL - [LOGOUT CHARS] Deadpoint. Player Rujeme does not exist in player database.
 2018-09-11 16:52:57,788 - CRITICAL - [LOGOUT CHARS] Deadpoint. Player Spatsiiba does not exist in player database.
 2018-09-11 16:52:57,923 - CRITICAL - [LOGOUT CHARS] Deadpoint. Player Alixe does not exist in player database.
 2018-09-11 16:52:58,019 - CRITICAL - [LOGOUT CHARS] Deadpoint. Player Anthonella does not exist in player database.
 2018-09-11 16:52:58,123 - CRITICAL - [LOGOUT CHARS] Deadpoint. Player Avenger does not exist in player database.
 2018-09-11 16:52:58,250 - CRITICAL - [LOGOUT CHARS] Deadpoint. Player Basilisko does not exist in player database.
 2018-09-11 16:52:58,388 - CRITICAL - [LOGOUT CHARS] Deadpoint. Player Brolyn does not exist in player database.
 2018-09-11 16:52:58,488 - CRITICAL - [LOGOUT CHARS] Deadpoint. Player Classik does not exist in player database.
 2018-09-11 16:52:58,589 - CRITICAL - [LOGOUT CHARS] Deadpoint. Player Hotfetomne does not exist in player database.
 2018-09-11 16:52:58,697 - CRITICAL - [LOGOUT CHARS] Deadpoint. Player Iserit does not exist in player database.
 2018-09-11 16:52:58,809 - CRITICAL - [LOGOUT CHARS] Deadpoint. Player Jesta Testa does not exist in player database.
 2018-09-11 16:52:58,921 - CRITICAL - [LOGOUT CHARS] Deadpoint. Player Krusty does not exist in player database.
 2018-09-11 16:52:59,029 - CRITICAL - [LOGOUT CHARS] Deadpoint. Player Master Nuxx does not exist in player database.
 2018-09-11 16:52:59,145 - CRITICAL - [LOGOUT CHARS] Deadpoint. Player One Fros does not exist in player database.
 2018-09-11 16:52:59,250 - CRITICAL - [LOGOUT CHARS] Deadpoint. Player Root Arta does not exist in player database.
 2018-09-11 16:52:59,360 - CRITICAL - [LOGOUT CHARS] Deadpoint. Player Shakira does not exist in player database.
 2018-09-11 16:52:59,455 - CRITICAL - [LOGOUT CHARS] Deadpoint. Player Sicarie does not exist in player database.
 2018-09-11 16:52:59,568 - CRITICAL - [LOGOUT CHARS] Deadpoint. Player The Moster does not exist in player database.
 2018-09-11 16:52:59,703 - CRITICAL - [LOGOUT CHARS] Deadpoint. Player Tisente does not exist in player database.
 2018-09-11 16:52:59,812 - CRITICAL - [LOGOUT CHARS] Deadpoint. Player Underground does not exist in player database.
 2018-09-11 16:52:59,928 - CRITICAL - [LOGOUT CHARS] Deadpoint. Player Der Cygan does not exist in player database.
 2018-09-11 16:53:00,052 - CRITICAL - [LOGOUT CHARS] Deadpoint. Player Fearor does not exist in player database.
 2018-09-11 16:53:00,182 - CRITICAL - [LOGOUT CHARS] Deadpoint. Player Master Olver does not exist in player database.
 2018-09-11 16:53:00,289 - CRITICAL - [LOGOUT CHARS] Deadpoint. Player Siberia does not exist in player database.
 2018-09-11 16:53:00,460 - CRITICAL - [LOGOUT CHARS] Deadpoint. Player Sorandor does not exist in player database.
 2018-09-11 16:53:00,583 - CRITICAL - [LOGOUT CHARS] Deadpoint. Player Tlusty Filis does not exist in player database.
 2018-09-11 16:53:00,745 - CRITICAL - [LOGOUT CHARS] Deadpoint. Player Ekiss does not exist in player database.
 2018-09-11 16:53:01,027 - CRITICAL - [LOGOUT CHARS] Deadpoint. Player Flatlas does not exist in player database.
 2018-09-11 16:53:01,592 - CRITICAL - [LOGOUT CHARS] Deadpoint. Player Hoshigaki does not exist in player database.
 2018-09-11 16:53:01,760 - CRITICAL - [LOGOUT CHARS] Deadpoint. Player Nicolas does not exist in player database.
 2018-09-11 16:53:01,894 - CRITICAL - [LOGOUT CHARS] Deadpoint. Player Ricardo Compare does not exist in player database.
 2018-09-11 16:53:02,033 - CRITICAL - [LOGOUT CHARS] Deadpoint. Player Termonuklear Tax does not exist in player database.
 2018-09-11 16:53:02,164 - CRITICAL - [LOGOUT CHARS] Deadpoint. Player Tulindris does not exist in player database.
 2018-09-11 16:53:02,295 - CRITICAL - [LOGOUT CHARS] Deadpoint. Player Wes Zostaw Ryska does not exist in player database.
 2018-09-11 16:53:02,420 - CRITICAL - [LOGOUT CHARS] Deadpoint. Player White Death does not exist in player database.
 2018-09-11 16:53:02,568 - CRITICAL - [LOGOUT CHARS] Deadpoint. Player Xdbeka does not exist in player database.
 2018-09-11 16:53:02,681 - CRITICAL - [LOGOUT CHARS] Deadpoint. Player Chencho does not exist in player database.
 2018-09-11 16:53:02,815 - CRITICAL - [LOGOUT CHARS] Deadpoint. Player Driud Maker does not exist in player database.
 2018-09-11 16:53:02,949 - CRITICAL - [LOGOUT CHARS] Deadpoint. Player Hinared does not exist in player database.
 2018-09-11 16:53:03,103 - CRITICAL - [LOGOUT CHARS] Deadpoint. Player Izys does not exist in player database.
 2018-09-11 16:53:03,235 - CRITICAL - [LOGOUT CHARS] Deadpoint. Player Mameja does not exist in player database.
 2018-09-11 16:53:03,381 - CRITICAL - [LOGOUT CHARS] Deadpoint. Player Mercado Todo does not exist in player database.
 2018-09-11 16:53:03,524 - CRITICAL - [LOGOUT CHARS] Deadpoint. Player Nixon does not exist in player database.
 2018-09-11 16:53:03,669 - CRITICAL - [LOGOUT CHARS] Deadpoint. Player Stoshin does not exist in player database.
 2018-09-11 16:53:03,823 - CRITICAL - [LOGOUT CHARS] Deadpoint. Player Thorinx does not exist in player database.
 2018-09-11 16:53:03,961 - CRITICAL - [LOGOUT CHARS] Deadpoint. Player Wymosea does not exist in player database.
 2018-09-11 16:53:04,093 - CRITICAL - [LOGOUT CHARS] Deadpoint. Player Antrary Yasta does not exist in player database.
 2018-09-11 16:53:04,234 - CRITICAL - [LOGOUT CHARS] Deadpoint. Player Baldurx does not exist in player database.
 2018-09-11 16:53:04,383 - CRITICAL - [LOGOUT CHARS] Deadpoint. Player Burru Peligroso does not exist in player database.
 2018-09-11 16:53:04,499 - CRITICAL - [LOGOUT CHARS] Deadpoint. Player Coral does not exist in player database.
 2018-09-11 16:53:04,628 - CRITICAL - [LOGOUT CHARS] Deadpoint. Player Culo Gordo does not exist in player database.
 2018-09-11 16:53:04,866 - CRITICAL - [LOGOUT CHARS] Deadpoint. Player Diego Aka does not exist in player database.
 2018-09-11 16:53:05,044 - CRITICAL - [LOGOUT CHARS] Deadpoint. Player Don Omar does not exist in player database.
 2018-09-11 16:53:05,161 - CRITICAL - [LOGOUT CHARS] Deadpoint. Player Druid Ajcc does not exist in player database.
 2018-09-11 16:53:05,294 - CRITICAL - [LOGOUT CHARS] Deadpoint. Player Face Maldito does not exist in player database.
 2018-09-11 16:53:05,380 - CRITICAL - [LOGOUT CHARS] Deadpoint. Player Hengpung does not exist in player database.
 2018-09-11 16:53:05,523 - CRITICAL - [LOGOUT CHARS] Deadpoint. Player Ignel Drago does not exist in player database.
 2018-09-11 16:53:05,645 - CRITICAL - [LOGOUT CHARS] Deadpoint. Player Janviten does not exist in player database.
 2018-09-11 16:53:05,855 - CRITICAL - [LOGOUT CHARS] Deadpoint. Player Lavaca Lola does not exist in player database.
 2018-09-11 16:53:05,995 - CRITICAL - [LOGOUT CHARS] Deadpoint. Player Magic Dragon does not exist in player database.
 2018-09-11 16:53:06,137 - CRITICAL - [LOGOUT CHARS] Deadpoint. Player Nonono Noriel does not exist in player database.
 2018-09-11 16:53:06,324 - CRITICAL - [LOGOUT CHARS] Deadpoint. Player Ozuna Elnegrobello does not exist in player database.
 2018-09-11 16:53:06,448 - CRITICAL - [LOGOUT CHARS] Deadpoint. Player Racers does not exist in player database.
 2018-09-11 16:53:06,579 - CRITICAL - [LOGOUT CHARS] Deadpoint. Player Sahavana does not exist in player database.
 2018-09-11 16:53:06,740 - CRITICAL - [LOGOUT CHARS] Deadpoint. Player Severus Snape does not exist in player database.
 2018-09-11 16:53:06,881 - CRITICAL - [LOGOUT CHARS] Deadpoint. Player Shiro Ming does not exist in player database.
 2018-09-11 16:53:07,024 - CRITICAL - [LOGOUT CHARS] Deadpoint. Player Timbalera does not exist in player database.
 2018-09-11 16:53:07,151 - CRITICAL - [LOGOUT CHARS] Deadpoint. Player Turkito does not exist in player database.
 2018-09-11 16:53:07,270 - CRITICAL - [LOGOUT CHARS] Deadpoint. Player Wisin Yandel does not exist in player database.
 2018-09-11 16:53:07,394 - CRITICAL - [LOGOUT CHARS] Deadpoint. Player Harrypotterxz does not exist in player database.
 2018-09-11 16:53:07,507 - CRITICAL - [LOGOUT CHARS] Deadpoint. Player Kayita does not exist in player database.
 2018-09-11 16:53:07,651 - CRITICAL - [LOGOUT CHARS] Deadpoint. Player Norweski Ogrodnik does not exist in player database.
 2018-09-11 16:53:07,785 - CRITICAL - [LOGOUT CHARS] Deadpoint. Player Tomuerlacra does not exist in player database.
 2018-09-11 16:53:07,895 - CRITICAL - [LOGOUT CHARS] Deadpoint. Player Gabypop does not exist in player database.
 2018-09-11 16:53:08,070 - CRITICAL - [LOGOUT CHARS] Deadpoint. Player Sorcerer Crack does not exist in player database.
 2018-09-11 16:53:08,189 - CRITICAL - [LOGOUT CHARS] Deadpoint. Player Calvin does not exist in player database.
 2018-09-11 16:53:08,315 - CRITICAL - [LOGOUT CHARS] Deadpoint. Player Fire Beast Baban does not exist in player database.
 2018-09-11 16:53:08,454 - CRITICAL - [LOGOUT CHARS] Deadpoint. Player Kamys Komander does not exist in player database.
 2018-09-11 16:53:08,596 - CRITICAL - [LOGOUT CHARS] Deadpoint. Player Rezi does not exist in player database.
 2018-09-11 16:53:08,765 - CRITICAL - [LOGOUT CHARS] Deadpoint. Player Rune Provider does not exist in player database.
 2018-09-11 16:53:09,211 - CRITICAL - [LOGOUT CHARS] Deadpoint. Player Sapakova does not exist in player database.
 2018-09-11 16:53:09,375 - CRITICAL - [LOGOUT CHARS] Deadpoint. Player Sraka Maka does not exist in player database.
 2018-09-11 16:53:09,509 - CRITICAL - [LOGOUT CHARS] Deadpoint. Player Tetra Hidro Canabinol does not exist in player database.
 2018-09-11 16:53:09,661 - CRITICAL - [LOGOUT CHARS] Deadpoint. Player Vyyco does not exist in player database.
 2018-09-11 16:53:09,806 - CRITICAL - [LOGOUT CHARS] Deadpoint. Player Wiliam Von Brunhackerberg does not exist in player database.
 2018-09-11 16:53:09,955 - CRITICAL - [LOGOUT CHARS] Deadpoint. Player Bymber Ze Swini does not exist in player database.
 2018-09-11 16:53:10,078 - CRITICAL - [LOGOUT CHARS] Deadpoint. Player Plemnik Wasyla does not exist in player database.
 2018-09-11 16:53:10,185 - CRITICAL - [LOGOUT CHARS] Deadpoint. Player Karime does not exist in player database.
 2018-09-11 16:53:10,319 - CRITICAL - [LOGOUT CHARS] Deadpoint. Player Lassepanter does not exist in player database.
 2018-09-11 16:53:10,457 - CRITICAL - [LOGOUT CHARS] Deadpoint. Player Smithers does not exist in player database.
 2018-09-11 16:53:10,693 - CRITICAL - [LOGOUT CHARS] Deadpoint. Player Yo Bro does not exist in player database.
 2018-09-11 16:53:10,811 - CRITICAL - [LOGOUT CHARS] Deadpoint. Player Okbb does not exist in player database.
 2018-09-11 16:53:10,922 - CRITICAL - [LOGOUT CHARS] Deadpoint. Player Ka Bom does not exist in player database.
 2018-09-11 16:53:11,057 - CRITICAL - [LOGOUT CHARS] Deadpoint. Player Vernati does not exist in player database.
 2018-09-11 16:53:11,173 - CRITICAL - [LOGOUT CHARS] Deadpoint. Player Hoo Lee Sheet does not exist in player database.
 2018-09-11 16:53:11,289 - CRITICAL - [LOGOUT CHARS] Deadpoint. Player Ittzy does not exist in player database.
 2018-09-11 16:53:11,409 - CRITICAL - [LOGOUT CHARS] Deadpoint. Player Old Ek does not exist in player database.
 2018-09-11 16:53:11,521 - CRITICAL - [LOGOUT CHARS] Deadpoint. Player Total Terror does not exist in player database.
 2018-09-11 16:53:11,662 - CRITICAL - [LOGOUT CHARS] Deadpoint. Player Vargen does not exist in player database.
 2018-09-11 16:53:11,776 - CRITICAL - [LOGOUT CHARS] Deadpoint. Player Jori does not exist in player database.
 2018-09-11 16:53:11,861 - CRITICAL - [LOGOUT CHARS] Deadpoint. Player Anymore does not exist in player database.
 2018-09-11 16:53:11,961 - CRITICAL - [LOGOUT CHARS] Deadpoint. Player Vertebrality does not exist in player database.
 2018-09-11 16:53:12,062 - CRITICAL - [LOGOUT CHARS] Deadpoint. Player Aceracer does not exist in player database.
 2018-09-11 16:53:12,230 - CRITICAL - [LOGOUT CHARS] Deadpoint. Player Depper does not exist in player database.
 2018-09-11 16:53:12,343 - CRITICAL - [LOGOUT CHARS] Deadpoint. Player Deftox does not exist in player database.
 2018-09-11 16:53:12,440 - CRITICAL - [LOGOUT CHARS] Deadpoint. Player Dezzdle Modofoka does not exist in player database.
 2018-09-11 16:53:12,540 - CRITICAL - [LOGOUT CHARS] Deadpoint. Player Lloy Flo does not exist in player database.
 2018-09-11 16:53:12,698 - CRITICAL - [LOGOUT CHARS] Deadpoint. Player Taladro does not exist in player database.
 2018-09-11 16:53:12,780 - CRITICAL - [LOGOUT CHARS] Deadpoint. Player Jodedoren does not exist in player database.
 2018-09-11 16:53:12,915 - CRITICAL - [LOGOUT CHARS] Deadpoint. Player Matteo does not exist in player database.
 2018-09-11 16:53:12,915 - INFO - [GET ONLINE BY DB] Collected Names: []
 2018-09-11 16:53:13,010 - DEBUG - Starting new HTTP connection (1): classictibia.com
 2018-09-11 16:53:13,194 - DEBUG - http://classictibia.com:80 "GET /onlinelist.php HTTP/1.1" 200 None
 2018-09-11 16:53:13,364 - INFO - [GET ONLINE] Collected names ['Bob Legend', 'Saatana', 'Warcore', 'Rikskeff', 'Wrathan', 'Skillfinger', 'Ridley Damodred', 'Stormoguden', 'Voar', 'Jori', 'Like', 'Makz', 'TaKo Funkstar', 'Liikeasomeboodie', 'Oguz', 'Rifle', 'Cadori', 'Eil', 'Impro', 'Slurp', 'Jojo Style', 'Gucci Effe', 'GythDobrzany', 'Xahaze', 'Biancucci', 'Mustak', 'Taxi Driver', 'Boguslaw', 'Cavalo', 'Mitchzzk', 'Shinoll Skywalker', 'The Hound', 'Saphira', 'Whois Tank', 'Narcises', 'Rebyelk', 'Gohan Saiyan', 'Inconcessus', 'Eagleheart', 'Desmond Dekker', 'Hun Agx', 'Ingvar', 'Lellep', 'Zahnoshee', 'Bolshevik', 'Demonhaze', 'Elric', 'Ender Pakistan', 'Malodus', 'Zczepan', 'Vertixen', 'Ichigo Kurozaki', 'Breath Fire Hary', 'Buck', 'Danight', 'Khal Dixtroya', 'Puta Madre', 'Chupacabra', 'Mago Oscuro', 'Evalor', 'Kubiszon', 'Master Of Honor', 'Mnzter', 'Be Happy', 'Rucca', 'Obara Osa', 'Schaamstreek', 'Sooft', 'Blank Rune', 'Cuquix', 'Stephen Hawkins', 'Liyk', 'Locofante', 'Morangotango', 'Szeregowy Sram', 'El Brabo', 'Ide Chyba', 'Kulawy Pasikonik Bezrak', 'War Yonitoxx', 'Den Starke', 'Jockie', 'Nevermore', 'Buk Almighty', 'Melejo', 'Owzo', 'Tunders', 'Zoe', 'Jamblez', 'Macabra', 'Califorieaseteno', 'Eredar', 'Michun', 'Micro Vih', 'Umkyw', 'Yromir', 'Fear Vox', 'Razi', 'Succionador Detotonas', 'Anymore', 'Bjoernen', 'Eihanen', 'Ewenement Alkoholowy', 'Karv', 'Yeenn', 'Andrea The Knight', 'El Capi', 'Flaming Na Rolkach', 'Bubaluw', 'Hydantoina', 'Orina', 'Saphhx', 'Sapien', 'Skinner', 'Trathonton Dalfatrene', 'Hitha', 'Lord Destructor', 'Peter Pan', 'Rekam Hu', 'Sendo', 'Topami', 'Wszystkiekary Namnie Ida', 'Alasthor Mud', 'Jumao', 'Nephariel', 'Panth', 'Pkpally', 'Specktra', 'Treron', 'Abdel', 'Albaja Mamad', 'Analizamelchoto', 'Andrew Jackson', 'Arcykurwa', 'Areez', 'Arravothyn', 'Banio', 'Bibiamtabaco', 'Filjamir', 'Grimmnir', 'Lady Karoll', 'Lasse Kongo', 'Leng', 'Pould Vaso', 'Reina Momo', 'Revania', 'Survizz', 'Vertebrality', 'Vira Danneth', 'Xenus Xarbi', 'Yngemie', 'Zetta', 'Eulogio', 'Lakky', 'Lubie Wodkie', 'Nigon', 'Nuger Ralis', 'Skyhook', 'Tayfun', 'Womb Violator', 'Yeguonsking', 'Adixia', 'Bfiest', 'Bonboldi', 'Cadryuk', 'Darius Najarius', 'El Chorty', 'Moidgds', 'Neutro Shorty', 'Ontir', 'Rambo Warrior', 'Rasista', 'Skallen', 'Slash Boone', 'Snatan', 'The Bomber', 'Asturo', 'Carl Patterson', 'Elvaxth', 'Erion Shalex', 'Heavy Fuel', 'Julon', 'Kalima', 'Klungen', 'Like Nike', 'Mazakrowiec', 'Monica Lewinsky', 'Rafa', 'Rokay', 'Arcangel', 'Boleta', 'Care Muerto', 'Celebret', 'Master Sudden', 'Odeu Cediria', 'Pop Stars', 'Rabinovitsh', 'Rookale', 'Rujeme', 'Spatsiiba', 'Umizino', 'Alixe', 'Assesino', 'Avenger', 'Brolyn', 'Classik', 'Hotfetomne', 'Iserit', 'Jesta Testa', 'Krusty', 'Lindurax', 'Lloy Flo', 'Male Of Hell', 'Marfanor', 'Matteo', 'Root Arta', 'Sendobeta', 'Shakira', 'Sicarie', 'Sosadppl', 'The Moster', 'Tisente', 'Tumay', 'Underground', 'Veggitto', 'Xalid', 'Dark Lemz', 'Der Cygan', 'Fearor', 'Master Olver', 'Siberia', 'Sorandor', 'Flatlas', 'Hoshigaki', 'Luluqua', 'Ricardo Compare', 'Termonuklear Tax', 'Tulindris', 'White Death', 'Xdbeka', 'Chencho', 'Driud Maker', 'Excessus', 'Hinared', 'Izys', 'Mameja', 'Mercado Todo', 'Nixon', 'Ondine', 'Perp', 'Stoshin', 'Thorinx', 'Wymosea', 'Zic Zac', 'Antrary Yasta', 'Baldurx', 'Burru Peligroso', 'Coral', 'Culo Gordo', 'Depper', 'Diego Aka', 'Don Omar', 'Druid Ajcc', 'Face Maldito', 'Goolook', 'Hengpung', 'Ignel Drago', 'Janviten', 'Lavaca Lola', 'Magic Dragon', 'Moninga', 'Nonono Noriel', 'Ozuna Elnegrobello', 'Racers', 'Sahavana', 'Seven Ups', 'Severus Snape', 'Shiro Ming', 'Timbalera', 'Tomuerlacra', 'Turkito', 'Waters', 'Wisin Yandel', 'Zwar', 'Harrypotterxz', 'Kayita', 'Norweski Ogrodnik', 'Gabypop', 'Sorcerer Crack', 'Calvin', 'Criss Angel', 'Izang', 'Kamys Komander', 'Klasxh', 'Magic Shops', 'Rasnarot', 'Rezi', 'Rockefeller David', 'Rune Provider', 'Sapakova', 'Sraka Maka', 'Tetra Hidro Canabinol', 'Vyyco', 'Welcozmik', 'Wiliam Von Brunhackerberg', 'Zlums', 'Bymber Ze Swini', 'Mamame El Guebo', 'Plemnik Wasyla', 'Susana Horia', 'Smithers', 'Yo Bro', 'Okbb', 'Ka Bom', 'Vernati', 'Xarelto', 'Hoo Lee Sheet', 'Buse', 'Chanfles', 'Efe Al Cien', 'Ittzy', 'Johannez', 'Total Terror', 'Vargen']
 2018-09-11 16:53:17,819 - INFO - [UPDATE_ONLINE] Somehow Bob Legend is online
 2018-09-11 16:53:18,248 - INFO - [UPDATE_ONLINE] Somehow Saatana is online
 2018-09-11 16:53:27,950 - INFO - [UPDATE_ONLINE] Somehow Warcore is online
 2018-09-11 16:53:28,813 - INFO - [UPDATE_ONLINE] Somehow Rikskeff is online
 2018-09-11 16:53:31,988 - INFO - [UPDATE_ONLINE] Setting Wrathan to online
 2018-09-11 16:53:32,174 - INFO - [UPDATE_ONLINE] Somehow Skillfinger is online
 2018-09-11 16:53:32,359 - INFO - [UPDATE_ONLINE] Somehow Ridley Damodred is online
 2018-09-11 16:53:32,559 - INFO - [UPDATE_ONLINE] Somehow Stormoguden is online
 2018-09-11 16:53:32,731 - INFO - [UPDATE_ONLINE] Somehow Voar is online
 2018-09-11 16:53:33,209 - INFO - [UPDATE_ONLINE] Somehow Jori is online
 2018-09-11 16:53:33,665 - INFO - [UPDATE_ONLINE] Setting Like to online
 2018-09-11 16:53:33,846 - INFO - [UPDATE_ONLINE] Somehow Makz is online
 2018-09-11 16:53:34,009 - INFO - [UPDATE_ONLINE] Somehow TaKo Funkstar is online
 2018-09-11 16:53:34,178 - INFO - [UPDATE_ONLINE] Somehow Liikeasomeboodie is online
 2018-09-11 16:53:34,564 - INFO - [UPDATE_ONLINE] Setting Oguz to online
 2018-09-11 16:53:35,128 - INFO - [UPDATE_ONLINE] Setting Rifle to online
 2018-09-11 16:53:35,281 - INFO - [UPDATE_ONLINE] Somehow Cadori is online
 2018-09-11 16:53:35,682 - INFO - [UPDATE_ONLINE] Setting Eil to online
 2018-09-11 16:53:35,914 - INFO - [UPDATE_ONLINE] Somehow Impro is online
 2018-09-11 16:53:36,106 - INFO - [UPDATE_ONLINE] Somehow Slurp is online
 2018-09-11 16:53:36,578 - INFO - [UPDATE_ONLINE] Setting Jojo Style to online
 2018-09-11 16:53:36,779 - INFO - [UPDATE_ONLINE] Somehow Gucci Effe is online
 2018-09-11 16:53:36,947 - INFO - [UPDATE_ONLINE] Somehow GythDobrzany is online
 2018-09-11 16:53:37,395 - INFO - [UPDATE_ONLINE] Setting Xahaze to online
 2018-09-11 16:53:37,589 - INFO - [UPDATE_ONLINE] Somehow Biancucci is online
 2018-09-11 16:53:37,749 - INFO - [UPDATE_ONLINE] Somehow Mustak is online
 2018-09-11 16:53:38,149 - INFO - [UPDATE_ONLINE] Setting Taxi Driver to online
 2018-09-11 16:53:38,585 - INFO - [UPDATE_ONLINE] Setting Boguslaw to online
 2018-09-11 16:53:38,767 - INFO - [UPDATE_ONLINE] Somehow Cavalo is online
 2018-09-11 16:53:38,939 - INFO - [UPDATE_ONLINE] Somehow Mitchzzk is online
 2018-09-11 16:53:39,552 - INFO - [UPDATE_ONLINE] Setting Shinoll Skywalker to online
 2018-09-11 16:53:39,738 - INFO - [UPDATE_ONLINE] Somehow The Hound is online
 2018-09-11 16:53:39,951 - INFO - [UPDATE_ONLINE] Somehow Saphira is online
 2018-09-11 16:53:40,155 - INFO - [UPDATE_ONLINE] Somehow Whois Tank is online
 2018-09-11 16:53:40,540 - INFO - [UPDATE_ONLINE] Setting Narcises to online
 2018-09-11 16:53:40,731 - INFO - [UPDATE_ONLINE] Somehow Rebyelk is online
 2018-09-11 16:53:40,874 - INFO - [UPDATE_ONLINE] Somehow Gohan Saiyan is online
 2018-09-11 16:53:41,008 - INFO - [UPDATE_ONLINE] Somehow Inconcessus is online
 2018-09-11 16:53:41,194 - INFO - [UPDATE_ONLINE] Somehow Eagleheart is online
 2018-09-11 16:53:41,351 - INFO - [UPDATE_ONLINE] Somehow Desmond Dekker is online
 2018-09-11 16:53:41,545 - INFO - [UPDATE_ONLINE] Somehow Hun Agx is online
